<?xml version="1.0" encoding="utf-8"?><testsuites><testsuite errors="0" failures="0" hostname="HOLD-NBBKP32736" name="pytest" skipped="0" tests="4" time="4.809" timestamp="2020-07-14T01:09:19.889014"><testcase classname="test_submit" file="test_submit.py" line="3" name="test_q1" time="0.087"></testcase><testcase classname="test_submit" file="test_submit.py" line="8" name="test_q2" time="0.053"></testcase><testcase classname="test_submit" file="test_submit.py" line="13" name="test_q3" time="0.043"></testcase><testcase classname="test_submit" file="test_submit.py" line="18" name="test_q4" time="0.466"></testcase></testsuite></testsuites>